STDOUT:
This is pdfTeX, Version 3.141592653-2.6-1.40.25 (MiKTeX 24.1) (preloaded format=pdflatex.fmt)
 restricted \write18 enabled.
entering extended mode
(generated_report.tex
LaTeX2e <2023-11-01> patch level 1
L3 programming layer <2024-01-04>
(C:\Users\tsar\AppData\Roaming\MiKTeX\tex/latex/elsarticle\elsarticle.cls
Document Class: elsarticle 2025/01/11, 3.4c: Elsevier Ltd
(C:\Program Files\MiKTeX\tex/latex/base\fontenc.sty)
(C:\Program Files\MiKTeX\tex/latex/l3kernel\expl3.sty
(C:\Program Files\MiKTeX\tex/latex/l3backend\l3backend-pdftex.def))
(C:\Program Files\MiKTeX\tex/latex/l3packages/xparse\xparse.sty)
(C:\Program Files\MiKTeX\tex/latex/etoolbox\etoolbox.sty)
(C:\Program Files\MiKTeX\tex/latex/base\article.cls
Document Class: article 2023/05/17 v1.4n Standard LaTeX document class
(C:\Program Files\MiKTeX\tex/latex/base\size12.clo))
(C:\Program Files\MiKTeX\tex/latex/graphics\graphicx.sty
(C:\Program Files\MiKTeX\tex/latex/graphics\keyval.sty)
(C:\Program Files\MiKTeX\tex/latex/graphics\graphics.sty
(C:\Program Files\MiKTeX\tex/latex/graphics\trig.sty)
(C:\Program Files\MiKTeX\tex/latex/graphics-cfg\graphics.cfg)
(C:\Program Files\MiKTeX\tex/latex/graphics-def\pdftex.def)))
(generated_report.spl)
(C:\Users\tsar\AppData\Roaming\MiKTeX\tex/latex/natbib\natbib.sty))
(C:\Users\tsar\AppData\Roaming\MiKTeX\tex/latex/lineno\lineno.sty
(C:\Users\tsar\AppData\Roaming\MiKTeX\tex/latex/kvoptions\kvoptions.sty
(C:\Users\tsar\AppData\Roaming\MiKTeX\tex/generic/ltxcmds\ltxcmds.sty)
(C:\Users\tsar\AppData\Roaming\MiKTeX\tex/latex/kvsetkeys\kvsetkeys.sty)))
(C:\Program Files\MiKTeX\tex/latex/hyperref\hyperref.sty
(C:\Program Files\MiKTeX\tex/generic/iftex\iftex.sty)
(C:\Users\tsar\AppData\Roaming\MiKTeX\tex/generic/infwarerr\infwarerr.sty)
(C:\Users\tsar\AppData\Roaming\MiKTeX\tex/generic/kvdefinekeys\kvdefinekeys.sty
) (C:\Users\tsar\AppData\Roaming\MiKTeX\tex/generic/pdfescape\pdfescape.sty
(C:\Program Files\MiKTeX\tex/generic/pdftexcmds\pdftexcmds.sty))
(C:\Users\tsar\AppData\Roaming\MiKTeX\tex/latex/hycolor\hycolor.sty)
(C:\Users\tsar\AppData\Roaming\MiKTeX\tex/latex/letltxmacro\letltxmacro.sty)
(C:\Users\tsar\AppData\Roaming\MiKTeX\tex/latex/auxhook\auxhook.sty)
(C:\Program Files\MiKTeX\tex/latex/hyperref\nameref.sty
(C:\Users\tsar\AppData\Roaming\MiKTeX\tex/latex/refcount\refcount.sty)
(C:\Users\tsar\AppData\Roaming\MiKTeX\tex/generic/gettitlestring\gettitlestring
.sty)) (C:\Program Files\MiKTeX\tex/latex/hyperref\pd1enc.def)
(C:\Users\tsar\AppData\Roaming\MiKTeX\tex/generic/intcalc\intcalc.sty)
(C:\Program Files\MiKTeX\tex/latex/hyperref\puenc.def)
(C:\Program Files\MiKTeX\tex/latex/url\url.sty)
(C:\Users\tsar\AppData\Roaming\MiKTeX\tex/generic/bitset\bitset.sty
(C:\Users\tsar\AppData\Roaming\MiKTeX\tex/generic/bigintcalc\bigintcalc.sty))
(C:\Program Files\MiKTeX\tex/latex/base\atbegshi-ltx.sty))
(C:\Program Files\MiKTeX\tex/latex/hyperref\hpdftex.def
(C:\Program Files\MiKTeX\tex/latex/base\atveryend-ltx.sty)
(C:\Users\tsar\AppData\Roaming\MiKTeX\tex/latex/rerunfilecheck\rerunfilecheck.s
ty
(C:\Users\tsar\AppData\Roaming\MiKTeX\tex/generic/uniquecounter\uniquecounter.s
ty))) (C:\Program Files\MiKTeX\tex/latex/amsmath\amsmath.sty
For additional information on amsmath, use the `?' option.
(C:\Program Files\MiKTeX\tex/latex/amsmath\amstext.sty
(C:\Program Files\MiKTeX\tex/latex/amsmath\amsgen.sty))
(C:\Program Files\MiKTeX\tex/latex/amsmath\amsbsy.sty)
(C:\Program Files\MiKTeX\tex/latex/amsmath\amsopn.sty))
(C:\Users\tsar\AppData\Roaming\MiKTeX\tex/latex/geometry\geometry.sty
(C:\Program Files\MiKTeX\tex/generic/iftex\ifvtex.sty)
(C:\Users\tsar\AppData\Roaming\MiKTeX\tex/latex/geometry\geometry.cfg))
(C:\Users\tsar\AppData\Roaming\MiKTeX\tex/latex/booktabs\booktabs.sty)
(generated_report.aux)
(C:\Program Files\MiKTeX\tex/context/base/mkii\supp-pdf.mkii
[Loading MPS to PDF converter (version 2006.09.02).]
) (C:\Program Files\MiKTeX\tex/latex/epstopdf-pkg\epstopdf-base.sty
(C:\Program Files\MiKTeX\tex/latex/00miktex\epstopdf-sys.cfg))
(generated_report.out) (generated_report.out)
*geometry* driver: auto-detecting
*geometry* detected driver: pdftex
[1{C:/Users/tsar/AppData/Local/MiKTeX/fonts/map/pdftex/pdftex.map}] [2]
(generated_report.aux) ) <C:\Users\tsar\AppData\Local\MiKTeX\fonts/pk/ljfour/jk
nappen/ec/dpi600\ecrm1000.pk> <C:\Users\tsar\AppData\Local\MiKTeX\fonts/pk/ljfo
ur/jknappen/ec/dpi600\ecti1200.pk> <C:\Users\tsar\AppData\Local\MiKTeX\fonts/pk
/ljfour/jknappen/ec/dpi600\ecbx1200.pk> <C:\Users\tsar\AppData\Local\MiKTeX\fon
ts/pk/ljfour/jknappen/ec/dpi600\ecti1000.pk> <C:\Users\tsar\AppData\Local\MiKTe
X\fonts/pk/ljfour/jknappen/ec/dpi600\ecti0700.pk> <C:\Users\tsar\AppData\Local\
MiKTeX\fonts/pk/ljfour/jknappen/ec/dpi600\ecrm0800.pk> <C:\Users\tsar\AppData\L
ocal\MiKTeX\fonts/pk/ljfour/jknappen/ec/dpi600\ecrm1200.pk> <C:\Users\tsar\AppD
ata\Local\MiKTeX\fonts/pk/ljfour/jknappen/ec/dpi600\ecrm1728.pk>
Output written on generated_report.pdf (2 pages, 38640 bytes).
Transcript written on generated_report.log.

STDERR:
pdflatex: security risk: running with elevated privileges
